Arguments: 
  C:\Program Files\nodejs\node.exe C:\Users\irfan\AppData\Roaming\npm\node_modules\yarn\bin\yarn.js dev

PATH: 
  C:\Users\irfan\bin;C:\Program Files\Git\mingw64\bin;C:\Program Files\Git\usr\local\bin;C:\Program Files\Git\usr\bin;C:\Program Files\Git\usr\bin;C:\Program Files\Git\mingw64\bin;C:\Program Files\Git\usr\bin;C:\Users\irfan\bin;C:\WINDOWS\system32;C:\WINDOWS;C:\WINDOWS\System32\Wbem;C:\WINDOWS\System32\WindowsPowerShell\v1.0;C:\WINDOWS\System32\OpenSSH;C:\Program Files\Git\cmd;C:\xampp\php;C:\ProgramData\ComposerSetup\bin;C:\Users\irfan\AppData\Roaming\nvm;C:\Program Files\nodejs;C:\Users\irfan\AppData\Local\Microsoft\WindowsApps;C:\Users\irfan\AppData\Local\Programs\Microsoft VS Code\bin;C:\Users\irfan\AppData\Roaming\npm;C:\Users\irfan\AppData\Roaming\Composer\vendor\bin;C:\Users\irfan\AppData\Roaming\nvm;C:\Program Files\nodejs;C:\Users\irfan\AppData\Local\GitHubDesktop\bin;C:\Program Files\Git\usr\bin\vendor_perl;C:\Program Files\Git\usr\bin\core_perl

Yarn version: 
  1.22.19

Node version: 
  18.13.0

Platform: 
  win32 x64

Trace: 
  SyntaxError: H:\IRFAN MUSTAFA\PROJECT\Storegg\server-storegg\package.json: Unexpected token / in JSON at position 73
      at JSON.parse (<anonymous>)
      at C:\Users\irfan\AppData\Roaming\npm\node_modules\yarn\lib\cli.js:1629:59
      at Generator.next (<anonymous>)
      at step (C:\Users\irfan\AppData\Roaming\npm\node_modules\yarn\lib\cli.js:310:30)
      at C:\Users\irfan\AppData\Roaming\npm\node_modules\yarn\lib\cli.js:321:13

npm manifest: 
  {
    "name": "server-storegg",
    "version": "0.0.0",
    "private": true,
    // "engines": {
    //   "node": "18.x"
    // },
    "scripts": {
      "start": "node ./bin/www",
      "dev": "env-cmd -f ./.env.local nodemon .bin/www",
      "prod": "env-cmd -f ./.env nodemon .bin/www"
    },
    "dependencies": {
      "admin-lte": "3.1",
      "bcryptjs": "^2.4.3",
      "connect-flash": "^0.1.1",
      "cookie-parser": "~1.4.4",
      "cors": "^2.8.5",
      "debug": "~2.6.9",
      "dotenv": "^16.0.3",
      "ejs": "~2.6.1",
      "env-cmd": "^10.1.0",
      "express": "~4.16.1",
      "express-session": "^1.17.3",
      "http-errors": "~1.6.3",
      "jsonwebtoken": "^8.5.1",
      "method-override": "^3.0.0",
      "mongoose": "^5.13.2",
      "morgan": "~1.9.1",
      "multer": "^1.4.5-lts.1"
    },
    "devDependencies": {
      "nodemon": "^2.0.20"
    }
  }

yarn manifest: 
  No manifest

Lockfile: 
  No lockfile
